
> vibe-generated-app@1.0.0 dev
> vite


  VITE v5.4.20  ready in 237 ms

  ➜  Local:   http://localhost:3000/
  ➜  Network: http://172.20.53.124:3000/
9:33:03 AM [vite] Pre-transform error: Transform failed with 1 error:
/home/workspace/src/components/IngestPanel.jsx:39:131: ERROR: Unexpected backslash in JSX element
9:33:03 AM [vite] Internal server error: Transform failed with 1 error:
/home/workspace/src/components/IngestPanel.jsx:39:131: ERROR: Unexpected backslash in JSX element
  Plugin: vite:esbuild
  File: /home/workspace/src/components/IngestPanel.jsx:39:131
  
  Unexpected backslash in JSX element
  37 |          <div>
  38 |            <label className="block text-sm text-blue-200 mb-2">General Matrix JSON</label>
  39 |            <textarea value={matrix} onChange={(e) => setMatrix(e.target.value)} placeholder="{\n  \"Senior Service Delivery Engineer\": [\n    { \"key\": \"coaching\", \"label\": \"Coaching\" }\n  ]\n}"
     |                                                                                                                                     ^
  40 |              className="w-full h-40 bg-slate-950/60 border border-blue-500/20 rounded-xl p-3 text-sm text-blue-100 font-mono" />
  41 |          </div>
  
      at failureErrorWithLog (/home/workspace/node_modules/esbuild/lib/main.js:1472:15)
      at /home/workspace/node_modules/esbuild/lib/main.js:755:50
      at responseCallbacks.<computed> (/home/workspace/node_modules/esbuild/lib/main.js:622:9)
      at handleIncomingPacket (/home/workspace/node_modules/esbuild/lib/main.js:677:12)
      at Socket.readFromStdout (/home/workspace/node_modules/esbuild/lib/main.js:600:7)
      at Socket.emit (node:events:508:28)
      at addChunk (node:internal/streams/readable:559:12)
      at readableAddChunkPushByteMode (node:internal/streams/readable:510:3)
      at Readable.push (node:internal/streams/readable:390:5)
      at Pipe.onStreamRead (node:internal/stream_base_commons:189:23)
9:33:22 AM [vite] Internal server error: Transform failed with 1 error:
/home/workspace/src/components/IngestPanel.jsx:39:131: ERROR: Unexpected backslash in JSX element
  Plugin: vite:esbuild
  File: /home/workspace/src/components/IngestPanel.jsx:39:131
  
  Unexpected backslash in JSX element
  37 |          <div>
  38 |            <label className="block text-sm text-blue-200 mb-2">General Matrix JSON</label>
  39 |            <textarea value={matrix} onChange={(e) => setMatrix(e.target.value)} placeholder="{\n  \"Senior Service Delivery Engineer\": [\n    { \"key\": \"coaching\", \"label\": \"Coaching\" }\n  ]\n}"
     |                                                                                                                                     ^
  40 |              className="w-full h-40 bg-slate-950/60 border border-blue-500/20 rounded-xl p-3 text-sm text-blue-100 font-mono" />
  41 |          </div>
  
      at failureErrorWithLog (/home/workspace/node_modules/esbuild/lib/main.js:1472:15)
      at /home/workspace/node_modules/esbuild/lib/main.js:755:50
      at responseCallbacks.<computed> (/home/workspace/node_modules/esbuild/lib/main.js:622:9)
      at handleIncomingPacket (/home/workspace/node_modules/esbuild/lib/main.js:677:12)
      at Socket.readFromStdout (/home/workspace/node_modules/esbuild/lib/main.js:600:7)
      at Socket.emit (node:events:508:28)
      at addChunk (node:internal/streams/readable:559:12)
      at readableAddChunkPushByteMode (node:internal/streams/readable:510:3)
      at Readable.push (node:internal/streams/readable:390:5)
      at Pipe.onStreamRead (node:internal/stream_base_commons:189:23)
